<?xml version="1.0" encoding="UTF-8"?>
<!-- Generated by org.testng.reporters.JUnitReportReporter -->
<testsuite hostname="DESKTOP-K5UJHKQ" failures="1" tests="9" name="com.BHL.TC001_LoginPageTest" time="99.109" errors="0" timestamp="2025-03-24T10:45:49 IST" skipped="0">
  <testcase classname="com.BHL.TC001_LoginPageTest" name="afterSuite" time="0.003">
    <failure message="The following asserts failed:
	expected [Chitra Patil] but found [Expected condition failed: waiting for visibility of Proxy element for: DefaultElementLocator &#039;By.xpath: //p[@class=&quot;MuiTypography-root MuiTypography-body1 css-1ewjb641&quot;]&#039; (tried for 30 second(s) with 500 milliseconds interval)]" type="java.lang.AssertionError">
      <![CDATA[java.lang.AssertionError: The following asserts failed:
expected [Chitra Patil] but found [Expected condition failed: waiting for visibility of Proxy element for: DefaultElementLocator 'By.xpath: //p[@class="MuiTypography-root MuiTypography-body1 css-1ewjb641"]' (tried for 30 second(s) with 500 milliseconds interval)]
at org.testng.asserts.SoftAssert.assertAll(SoftAssert.java:46)
at org.testng.asserts.SoftAssert.assertAll(SoftAssert.java:30)
at com.BHL.BeforeAfterMethods.afterSuite(BeforeAfterMethods.java:70)
at java.base/jdk.internal.reflect.DirectMethodHandleAccessor.invoke(DirectMethodHandleAccessor.java:103)
at java.base/java.lang.reflect.Method.invoke(Method.java:580)
at org.testng.internal.invokers.MethodInvocationHelper.invokeMethod(MethodInvocationHelper.java:141)
at org.testng.internal.invokers.MethodInvocationHelper.invokeMethodConsideringTimeout(MethodInvocationHelper.java:71)
at org.testng.internal.invokers.ConfigInvoker.invokeConfigurationMethod(ConfigInvoker.java:400)
at org.testng.internal.invokers.ConfigInvoker.invokeConfigurations(ConfigInvoker.java:333)
at org.testng.SuiteRunner.privateRun(SuiteRunner.java:386)
at org.testng.SuiteRunner.run(SuiteRunner.java:312)
at org.testng.SuiteRunnerWorker.runSuite(SuiteRunnerWorker.java:52)
at org.testng.SuiteRunnerWorker.run(SuiteRunnerWorker.java:95)
at org.testng.TestNG.runSuitesSequentially(TestNG.java:1274)
at org.testng.TestNG.runSuitesLocally(TestNG.java:1208)
at org.testng.TestNG.runSuites(TestNG.java:1112)
at org.testng.TestNG.run(TestNG.java:1079)
at org.testng.remote.AbstractRemoteTestNG.run(AbstractRemoteTestNG.java:115)
at org.testng.remote.RemoteTestNG.initAndRun(RemoteTestNG.java:293)
at org.testng.remote.RemoteTestNG.main(RemoteTestNG.java:91)
]]>
    </failure>
  </testcase> <!-- afterSuite -->
  <testcase classname="com.BHL.TC001_LoginPageTest" name="TC_001_verify_WelcomeText_On_LoginPage" time="0.076"/>
  <testcase classname="com.BHL.TC001_LoginPageTest" name="TC_002_verify_Login_Button_Clickable" time="1.398"/>
  <testcase classname="com.BHL.TC001_LoginPageTest" name="TC003_verify_ErrorMessageForEmailField" time="0.377"/>
  <testcase classname="com.BHL.TC001_LoginPageTest" name="TC004_verify_ErrorMessageForPasswordField" time="0.103"/>
  <testcase classname="com.BHL.TC001_LoginPageTest" name="TC_005_verify_Login" time="30.939"/>
  <testcase classname="com.BHL.TC001_LoginPageTest" name="TC_006_Logout" time="0.062"/>
  <testcase classname="com.BHL.TC001_LoginPageTest" name="TC_007_LogoutFlow" time="3.368"/>
  <testcase classname="com.BHL.TC001_LoginPageTest" name="TC_008_reloginToBHL" time="62.783"/>
</testsuite> <!-- com.BHL.TC001_LoginPageTest -->
