<?xml version="1.0" encoding="UTF-8"?>
<!-- Generated by org.testng.reporters.JUnitReportReporter -->
<testsuite hostname="DESKTOP-5LQVT5P" failures="0" tests="7" name="com.BHL.TC001_LoginPageTest" time="15.849" errors="0" timestamp="2025-03-03T12:12:14 IST" skipped="0">
  <testcase classname="com.BHL.TC001_LoginPageTest" name="TC_001_verify_WelcomeText_On_LoginPage" time="0.079"/>
  <system-out/>
  <testcase classname="com.BHL.TC001_LoginPageTest" name="TC_002_verify_Login_Button_Clickable" time="1.652"/>
  <system-out/>
  <testcase classname="com.BHL.TC001_LoginPageTest" name="TC003_verify_ErrorMessageForEmailField" time="0.591"/>
  <system-out/>
  <testcase classname="com.BHL.TC001_LoginPageTest" name="TC004_verify_ErrorMessageForPasswordField" time="0.189"/>
  <system-out/>
  <testcase classname="com.BHL.TC001_LoginPageTest" name="TC_005_verify_Login" time="5.849"/>
  <system-out/>
  <testcase classname="com.BHL.TC001_LoginPageTest" name="TC_006_LogoutFlow" time="3.534"/>
  <system-out/>
  <testcase classname="com.BHL.TC001_LoginPageTest" name="TC_007_reloginToBHL" time="3.955"/>
  <system-out/>
</testsuite> <!-- com.BHL.TC001_LoginPageTest -->
