<?xml version="1.0" encoding="UTF-8"?>
<!-- Generated by org.testng.reporters.JUnitReportReporter -->
<testsuite hostname="DESKTOP-K5UJHKQ" failures="0" tests="7" name="com.BHL.TC001_LoginPageTest" time="15.053" errors="0" timestamp="2025-03-18T12:14:44 IST" skipped="0">
  <testcase classname="com.BHL.TC001_LoginPageTest" name="TC_001_verify_WelcomeText_On_LoginPage" time="0.098"/>
  <testcase classname="com.BHL.TC001_LoginPageTest" name="TC_002_verify_Login_Button_Clickable" time="1.397"/>
  <testcase classname="com.BHL.TC001_LoginPageTest" name="TC003_verify_ErrorMessageForEmailField" time="0.361"/>
  <testcase classname="com.BHL.TC001_LoginPageTest" name="TC004_verify_ErrorMessageForPasswordField" time="0.096"/>
  <testcase classname="com.BHL.TC001_LoginPageTest" name="TC_005_verify_Login" time="5.023"/>
  <testcase classname="com.BHL.TC001_LoginPageTest" name="TC_006_LogoutFlow" time="3.481"/>
  <testcase classname="com.BHL.TC001_LoginPageTest" name="TC_007_reloginToBHL" time="4.597"/>
</testsuite> <!-- com.BHL.TC001_LoginPageTest -->
