<?xml version="1.0" encoding="UTF-8"?>
<!-- Generated by org.testng.reporters.JUnitReportReporter -->
<testsuite hostname="DESKTOP-K5UJHKQ" failures="0" tests="7" name="com.BHL.TC001_LoginPageTest" time="14.657" errors="0" timestamp="2025-03-18T12:55:14 IST" skipped="0">
  <testcase classname="com.BHL.TC001_LoginPageTest" name="TC_001_verify_WelcomeText_On_LoginPage" time="0.083"/>
  <testcase classname="com.BHL.TC001_LoginPageTest" name="TC_002_verify_Login_Button_Clickable" time="1.362"/>
  <testcase classname="com.BHL.TC001_LoginPageTest" name="TC003_verify_ErrorMessageForEmailField" time="0.370"/>
  <testcase classname="com.BHL.TC001_LoginPageTest" name="TC004_verify_ErrorMessageForPasswordField" time="0.086"/>
  <testcase classname="com.BHL.TC001_LoginPageTest" name="TC_005_verify_Login" time="5.154"/>
  <testcase classname="com.BHL.TC001_LoginPageTest" name="TC_006_LogoutFlow" time="3.481"/>
  <testcase classname="com.BHL.TC001_LoginPageTest" name="TC_007_reloginToBHL" time="4.121"/>
</testsuite> <!-- com.BHL.TC001_LoginPageTest -->
