<?xml version="1.0" encoding="UTF-8"?>
<!-- Generated by org.testng.reporters.JUnitReportReporter -->
<testsuite hostname="DESKTOP-K5UJHKQ" failures="0" tests="8" name="com.BHL.TC002_DashboardPageTest" time="31.798" errors="0" timestamp="2025-03-21T16:00:45 IST" skipped="0">
  <testcase classname="com.BHL.TC002_DashboardPageTest" name="TC001_VerifySideBarMenuList" time="0.121"/>
  <testcase classname="com.BHL.TC002_DashboardPageTest" name="TC002_VerifyUserGroupList" time="2.272"/>
  <testcase classname="com.BHL.TC002_DashboardPageTest" name="TC003_VerifyUSerDatabasesListing" time="5.405"/>
  <testcase classname="com.BHL.TC002_DashboardPageTest" name="TC004_VerifyDatabasesListing" time="6.634"/>
  <testcase classname="com.BHL.TC002_DashboardPageTest" name="TC005_Verify_DB_Approval" time="4.273"/>
  <testcase classname="com.BHL.TC002_DashboardPageTest" name="TC006_Verify_Module_Approval" time="4.401"/>
  <testcase classname="com.BHL.TC002_DashboardPageTest" name="TC007_Verify_Trip_Alert" time="4.324"/>
  <testcase classname="com.BHL.TC002_DashboardPageTest" name="TC008_Verify_Report" time="4.368"/>
</testsuite> <!-- com.BHL.TC002_DashboardPageTest -->
