<?xml version="1.0" encoding="UTF-8"?>
<!-- Generated by org.testng.reporters.JUnitReportReporter -->
<testsuite hostname="DESKTOP-5LQVT5P" failures="0" tests="8" name="com.BHL.TC002_DashboardPageTest" time="32.373" errors="0" timestamp="2025-02-04T18:54:52 IST" skipped="0">
  <testcase classname="com.BHL.TC002_DashboardPageTest" name="TC001_VerifySideBarMenuList" time="0.167"/>
  <system-out/>
  <testcase classname="com.BHL.TC002_DashboardPageTest" name="TC002_VerifyUserGroupList" time="2.500"/>
  <system-out/>
  <testcase classname="com.BHL.TC002_DashboardPageTest" name="TC003_VerifyUSerDatabasesListing" time="3.712"/>
  <system-out/>
  <testcase classname="com.BHL.TC002_DashboardPageTest" name="TC004_VerifyDatabasesListing" time="7.458"/>
  <system-out/>
  <testcase classname="com.BHL.TC002_DashboardPageTest" name="TC005_Verify_DB_Approval" time="4.517"/>
  <system-out/>
  <testcase classname="com.BHL.TC002_DashboardPageTest" name="TC006_Verify_Module_Approval" time="4.778"/>
  <system-out/>
  <testcase classname="com.BHL.TC002_DashboardPageTest" name="TC007_Verify_Trip_Alert" time="4.672"/>
  <system-out/>
  <testcase classname="com.BHL.TC002_DashboardPageTest" name="TC008_Verify_Report" time="4.569"/>
  <system-out/>
</testsuite> <!-- com.BHL.TC002_DashboardPageTest -->
